[ 2016-03-29T10:54:55+08:00 ] ::1 /thinkj/shop/index.php/Admin/Goods/showlist
ERR: Think\Controller:assgin方法不存在！

[ 2016-03-29T10:55:18+08:00 ] ::1 /thinkj/shop/index.php/Admin/Goods/showlist
ERR: Think\Controller:assgin方法不存在！

[ 2016-03-29T10:55:19+08:00 ] ::1 /thinkj/shop/index.php/Admin/Goods/showlist
ERR: Think\Controller:assgin方法不存在！

[ 2016-03-29T10:55:19+08:00 ] ::1 /thinkj/shop/index.php/Admin/Goods/showlist
ERR: Think\Controller:assgin方法不存在！

[ 2016-03-29T10:55:19+08:00 ] ::1 /thinkj/shop/index.php/Admin/Goods/showlist
ERR: Think\Controller:assgin方法不存在！

[ 2016-03-29T10:55:19+08:00 ] ::1 /thinkj/shop/index.php/Admin/Goods/showlist
ERR: Think\Controller:assgin方法不存在！

[ 2016-03-29T10:55:20+08:00 ] ::1 /thinkj/shop/index.php/Admin/Goods/showlist
ERR: Think\Controller:assgin方法不存在！

[ 2016-03-29T10:55:20+08:00 ] ::1 /thinkj/shop/index.php/Admin/Goods/showlist
ERR: Think\Controller:assgin方法不存在！

[ 2016-03-29T10:55:20+08:00 ] ::1 /thinkj/shop/index.php/Admin/Goods/showlist
ERR: Think\Controller:assgin方法不存在！

[ 2016-03-29T10:55:20+08:00 ] ::1 /thinkj/shop/index.php/Admin/Goods/showlist
ERR: Think\Controller:assgin方法不存在！

[ 2016-03-29T10:55:21+08:00 ] ::1 /thinkj/shop/index.php/Admin/Goods/showlist
ERR: Think\Controller:assgin方法不存在！

[ 2016-03-29T10:55:21+08:00 ] ::1 /thinkj/shop/index.php/Admin/Goods/showlist
ERR: Think\Controller:assgin方法不存在！

[ 2016-03-29T10:55:21+08:00 ] ::1 /thinkj/shop/index.php/Admin/Goods/showlist
ERR: Think\Controller:assgin方法不存在！

[ 2016-03-29T10:58:18+08:00 ] ::1 /thinkj/shop/index.php/Admin/Goods/showlist
ERR: Syntax Error in template "D:/wamp/www/thinkj/shop/Admin/View\Goods\showlist.html"  on line 12 ".tr_color{background-color: #9F88FF}"  - Unexpected ": ", expected one of: "}" , " "

[ 2016-03-29T11:00:38+08:00 ] ::1 /thinkj/shop/index.php/Admin/Goods/mine.css
ERR: 非法操作:mine.css

[ 2016-03-29T11:03:34+08:00 ] ::1 /thinkj/shop/index.php/Admin/Goods/__MODULE__/Goods/upd
ERR: 非法操作:__MODULE__

[ 2016-03-29T11:05:23+08:00 ] ::1 /thinkj/shop/index.php/Admin/Goods/mine.css
ERR: 非法操作:mine.css

[ 2016-03-29T11:06:29+08:00 ] ::1 /thinkj/shop/index.php/Admin/Goods/mine.css
ERR: 非法操作:mine.css

[ 2016-03-29T11:06:32+08:00 ] ::1 /thinkj/shop/index.php/Admin/Goods/__MODULE__/Goods/showlist
ERR: 非法操作:__MODULE__

[ 2016-03-29T11:06:47+08:00 ] ::1 /thinkj/shop/index.php/Admin/Goods/mine.css
ERR: 非法操作:mine.css

[ 2016-03-29T12:21:02+08:00 ] ::1 /thinkj/shop/index.php/Admin/Goods/showlist
INFO: [ app_init ] --START--
INFO: Run Behavior\BuildLiteBehavior [ RunTime:0.000050s ]
INFO: [ app_init ] --END-- [ RunTime:0.001111s ]
INFO: [ app_begin ] --START--
INFO: Run Behavior\ReadHtmlCacheBehavior [ RunTime:0.001210s ]
INFO: [ app_begin ] --END-- [ RunTime:0.001436s ]
SQL: SHOW COLUMNS FROM `sw_goods` [ RunTime:0.0041s ]
SQL: SELECT * FROM `sw_goods`  [ RunTime:0.0007s ]
INFO: [ view_parse ] --START--
INFO: Run Behavior\ParseTemplateBehavior [ RunTime:0.013184s ]
INFO: [ view_parse ] --END-- [ RunTime:0.013338s ]
INFO: [ view_filter ] --START--
INFO: Run Behavior\WriteHtmlCacheBehavior [ RunTime:0.000592s ]
INFO: [ view_filter ] --END-- [ RunTime:0.000736s ]
INFO: [ app_end ] --START--
INFO: Run Behavior\ShowPageTraceBehavior [ RunTime:0.001108s ]
INFO: [ app_end ] --END-- [ RunTime:0.001407s ]

[ 2016-03-29T12:21:04+08:00 ] ::1 /thinkj/shop/index.php/Admin/Goods/showlist
INFO: [ app_init ] --START--
INFO: Run Behavior\BuildLiteBehavior [ RunTime:0.000052s ]
INFO: [ app_init ] --END-- [ RunTime:0.000968s ]
INFO: [ app_begin ] --START--
INFO: Run Behavior\ReadHtmlCacheBehavior [ RunTime:0.001196s ]
INFO: [ app_begin ] --END-- [ RunTime:0.001435s ]
SQL: SHOW COLUMNS FROM `sw_goods` [ RunTime:0.0041s ]
SQL: SELECT * FROM `sw_goods`  [ RunTime:0.0007s ]
INFO: [ view_parse ] --START--
INFO: Run Behavior\ParseTemplateBehavior [ RunTime:0.011322s ]
INFO: [ view_parse ] --END-- [ RunTime:0.011472s ]
INFO: [ view_filter ] --START--
INFO: Run Behavior\WriteHtmlCacheBehavior [ RunTime:0.000428s ]
INFO: [ view_filter ] --END-- [ RunTime:0.000556s ]
INFO: [ app_end ] --START--
INFO: Run Behavior\ShowPageTraceBehavior [ RunTime:0.000741s ]
INFO: [ app_end ] --END-- [ RunTime:0.000936s ]

[ 2016-03-29T15:22:45+08:00 ] ::1 /thinkj/shop/index.php/Admin/Goods/mine.css
ERR: 非法操作:mine.css

[ 2016-03-29T15:34:56+08:00 ] ::1 /thinkj/shop/index.php/Admin/Goods/mine.css
ERR: 非法操作:mine.css

[ 2016-03-29T16:10:44+08:00 ] ::1 /thinkj/shop/index.php/Admin/Goods/add
ERR: Unable to load template file 'w\thinkj\ThinkPHP/Tpl/dispatch_jump.tpl'

[ 2016-03-29T16:11:58+08:00 ] ::1 /thinkj/shop/index.php/Admin/Goods/add
ERR: Unable to load template file 'w\thinkj\ThinkPHP/Tpl/dispatch_jump.tpl'

[ 2016-03-29T16:30:24+08:00 ] ::1 /thinkj/shop/index.php/Admin/Goods/mine.css
ERR: 非法操作:mine.css

[ 2016-03-29T16:37:36+08:00 ] ::1 /thinkj/shop/index.php/Admin/Goods/upd
ERR: 1062:Duplicata du champ '60' pour la clef 'PRIMARY'
 [ SQL语句 ] : UPDATE `sw_goods` SET `goods_id`='60',`goods_name`='黑莓手机',`goods_price`='2300' WHERE ( goods_id>60 )

[ 2016-03-29T16:37:57+08:00 ] ::1 /thinkj/shop/index.php/Admin/Goods/mine.css
ERR: 非法操作:mine.css

[ 2016-03-29T16:39:08+08:00 ] ::1 /thinkj/shop/index.php/Admin/Goods/mine.css
ERR: 非法操作:mine.css

[ 2016-03-29T16:39:09+08:00 ] ::1 /thinkj/shop/index.php/Admin/Goods/mine.css
ERR: 非法操作:mine.css

[ 2016-03-29T16:39:10+08:00 ] ::1 /thinkj/shop/index.php/Admin/Goods/mine.css
ERR: 非法操作:mine.css

[ 2016-03-29T17:03:04+08:00 ] ::1 /thinkj/shop/index.php/Admin/Index/admin.css
ERR: 非法操作:admin.css

[ 2016-03-29T17:03:30+08:00 ] ::1 /thinkj/shop/index.php/Admin/Index/admin.css
ERR: 非法操作:admin.css

[ 2016-03-29T17:03:32+08:00 ] ::1 /thinkj/shop/index.php/Admin/Index/admin.css
ERR: 非法操作:admin.css

[ 2016-03-29T17:03:53+08:00 ] ::1 /thinkj/shop/index.php/Admin/Index/admin.css
ERR: 非法操作:admin.css

[ 2016-03-29T17:05:32+08:00 ] ::1 /thinkj/shop/index.php/Admin/Index/__MODULE__/Goods/showlist
ERR: 非法操作:__MODULE__

